Virtuoso Framework License (111) was checked out successfully. Total checkout time was 0.02s.
********************************************************************************
Product   : Virtuoso(R) XStream Out
Program   : @(#)$CDS: strmout version IC23.1-64b 05/22/2024 07:39 (cpgbld16) $
          : sub-version  IC23.1-64b.ISR7.27 
Started at: 26-Apr-2026  18:44:32
User Name : dnb68
Host Name : en-ec-rhel-ph314-20.coecis.cornell.edu
Directory : /home/dnb68/processor/cadence
CADENCE Design Systems, Inc.
********************************************************************************
Info: Cellview Rev Num:99,  Tech Rev Num:59

WARNING (XSTRM-20): Output Stream file '/home/dnb68/processor/cadence/drc/imm_gen.gds.gz' already exists. It will be overwritten.
Loading gpdk045/libInit.il ...
	Loading gpdk045/loadCxt.ile ... done!
	Loading context 'gpdk045' from library 'gpdk045' ... done!
	Loading context 'pdkUtils' from library 'gpdk045' ... done!
	Loading gpdk045/gpdk045_customFilter.il ... done!
	Loading gpdk045/libInitCustomExit.il ... 
	Loading Environment Settings ...
	Loading gpdk045/gpdk045_PDKRegistrations.il ... done!

  *************************************************************           
  *              Cadence Design Systems, Inc.                 *           
  *                                                           *           
  *                    Generic 45nm PDK                       *           
  *                        (gpdk045)                          *           
  *                                                           *           
  *************************************************************           
	

	VERSION: 6.0 (09-September-2019)

done!
Loaded gpdk045/libInit.il successfully!
INFO (XSTRM-217): Reading the layer map file, /opt/cadence-designkits/gpdk045_v_6_0/gpdk045/gpdk045.layermap
WARNING (XSTRM-333): The '-enableColoring' option will be ignored during XStream Out. This is because there is no color entry in the layer map and the object map file.
INFO (XSTRM-427): Based on current hardware configuration, running XStream Out translation in multi-threaded mode with 4 threads.
INFO (XSTRM-280): The output file will be a compressed file because the file name has extension .gz
INFO (XSTRM-162): You have not used the '-viaMap' option. If the OpenAccess design has native oaVia instances, use the '-viaMap' option for preserving oaVia instances in a XStream Out - XStream In round trip. Using the '-viaMap' option improves performance and VM usage of applications using the Streamed-In design.

Summary of Options :
library                                 processor
strmFile                                /home/dnb68/processor/cadence/drc/imm_gen.gds.gz
topCell                                 imm_gen
view                                    layout
runDir                                  /home/dnb68/processor/cadence/drc
logFile                                 /home/dnb68/processor/cadence/drc/PIPO1.LOG
techLib                                 gpdk045
hierDepth                               32
maxVertices                             2048
layerMap                                /opt/cadence-designkits/gpdk045_v_6_0/gpdk045/gpdk045.layermap
userSkillFile                           /home/dnb68/processor/cadence/drc/strmout.il
labelDepth                              32
case                                    Preserve
convertDot                              node

INFO (XSTRM-180): You have not used the '-objectMap' option. The design has instance(s) of at least one of following OpenAccess objects: oaBlockage, oaBoundary, oaRow, and oaMarker. Any information about these objects will not be translated into the generated stream file. Use the '-objectMap' option to translate/preserve these objects using XStream.
INFO (XSTRM-223): 1. Translating stdVia gpdk045/M3_M2/layout as STRUCTURE M3_M2_CDNS_777243472410.
INFO (XSTRM-223): 2. Translating stdVia gpdk045/M2_M1/layout as STRUCTURE M2_M1_CDNS_777243472411.
INFO (XSTRM-223): 3. Translating stdVia gpdk045/M4_M3/layout as STRUCTURE M4_M3_CDNS_777243472412.
INFO (XSTRM-223): 4. Translating stdVia gpdk045/M2_M1/layout as STRUCTURE M2_M1_CDNS_777243472413.
INFO (XSTRM-223): 5. Translating stdVia gpdk045/M2_M1/layout as STRUCTURE M2_M1_CDNS_777243472414.
INFO (XSTRM-223): 6. Translating stdVia gpdk045/M1_PO/layout as STRUCTURE M1_PO_CDNS_777243472415.
INFO (XSTRM-223): 7. Translating stdVia gpdk045/M1_NWELL/layout as STRUCTURE M1_NWELL_CDNS_777243472416.
INFO (XSTRM-223): 8. Translating stdVia gpdk045/M1_PSUB/layout as STRUCTURE M1_PSUB_CDNS_777243472417.
INFO (XSTRM-223): 9. Translating cellview gpdk045/nmos1v/layout as STRUCTURE nmos1v_CDNS_777243472410.
INFO (XSTRM-223): 10. Translating cellview gpdk045/nmos1v/layout as STRUCTURE nmos1v_CDNS_777243472411.
INFO (XSTRM-223): 11. Translating cellview gpdk045/pmos1v/layout as STRUCTURE pmos1v_CDNS_777243472412.
INFO (XSTRM-223): 12. Translating cellview gpdk045/pmos1v/layout as STRUCTURE pmos1v_CDNS_777243472413.
INFO (XSTRM-223): 13. Translating cellview gpdk045/nmos1v/layout as STRUCTURE nmos1v_CDNS_777243472414.
INFO (XSTRM-223): 14. Translating cellview gpdk045/nmos1v/layout as STRUCTURE nmos1v_CDNS_777243472415.
INFO (XSTRM-223): 15. Translating cellview gpdk045/pmos1v/layout as STRUCTURE pmos1v_CDNS_777243472416.
INFO (XSTRM-223): 16. Translating cellview gpdk045/nmos1v/layout as STRUCTURE nmos1v_CDNS_777243472417.
INFO (XSTRM-223): 17. Translating cellview standard_cells/inv_drive/layout as STRUCTURE inv_drive.
INFO (XSTRM-223): 18. Translating stdVia gpdk045/M1_PO/layout as STRUCTURE M1_PO_CDNS_777243472418.
INFO (XSTRM-223): 19. Translating stdVia gpdk045/M3_M2/layout as STRUCTURE M3_M2_CDNS_777243472419.
INFO (XSTRM-223): 20. Translating cellview gpdk045/nmos1v/layout as STRUCTURE nmos1v_CDNS_777243472418.
INFO (XSTRM-223): 21. Translating cellview gpdk045/pmos1v/layout as STRUCTURE pmos1v_CDNS_777243472419.
INFO (XSTRM-223): 22. Translating cellview gpdk045/nmos1v/layout as STRUCTURE nmos1v_CDNS_7772434724110.
INFO (XSTRM-223): 23. Translating cellview gpdk045/nmos1v/layout as STRUCTURE nmos1v_CDNS_7772434724111.
INFO (XSTRM-223): 24. Translating cellview gpdk045/pmos1v/layout as STRUCTURE pmos1v_CDNS_7772434724112.
INFO (XSTRM-223): 25. Translating cellview gpdk045/nmos1v/layout as STRUCTURE nmos1v_CDNS_7772434724113.
INFO (XSTRM-223): 26. Translating cellview gpdk045/pmos1v/layout as STRUCTURE pmos1v_CDNS_7772434724114.
INFO (XSTRM-223): 27. Translating cellview gpdk045/pmos1v/layout as STRUCTURE pmos1v_CDNS_7772434724115.
INFO (XSTRM-223): 28. Translating cellview gpdk045/nmos1v/layout as STRUCTURE nmos1v_CDNS_7772434724116.
INFO (XSTRM-223): 29. Translating cellview standard_cells/Mux2/layout as STRUCTURE Mux2.
INFO (XSTRM-223): 30. Translating cellview processor/Mux2_8b/layout as STRUCTURE Mux2_8b.
INFO (XSTRM-223): 31. Translating cellview processor/imm_gen/layout as STRUCTURE imm_gen.

Summary of Objects Translated:
	Scalar Instances:                       30
	Array Instances:                        0
	Polygons:                               0
	Paths:                                  0
	Rectangles:                             462
	Lines:                                  0
	Arcs:                                   0
	Donuts:                                 0
	Dots:                                   0
	Ellipses:                               0
	Boundaries:                             0
	Area Blockages:                         0
	Layer Blockages:                        0
	Area Halos:                             0
	Markers:                                0
	Rows:                                   0
	Stitch:                                 0
	Standard Vias                           70
	Custom Vias:                            0
	CdsGen Vias:                            0
	Pathsegs:                               19
	Text:                                   59
	TextDisplay:                            4
	Cells:                                  31

Elapsed Time: 0.3s   User Time: 0.1s   CPU Time: 0.0s   Peak VM: 35328KB
INFO (XSTRM-234): Translation completed. '0' error(s) and '2' warning(s) found.
