Virtuoso Framework License (111) was checked out successfully. Total checkout time was 0.02s.
********************************************************************************
Product   : Virtuoso(R) XStream Out
Program   : @(#)$CDS: strmout version IC23.1-64b 05/22/2024 07:39 (cpgbld16) $
          : sub-version  IC23.1-64b.ISR7.27 
Started at: 24-Apr-2026  22:58:21
User Name : zrs29
Host Name : en-ec-rhel-ph314-03.coecis.cornell.edu
Directory : /home/zrs29/processor/cadence
CADENCE Design Systems, Inc.
********************************************************************************
Info: Cellview Rev Num:99,  Tech Rev Num:59

Loading gpdk045/libInit.il ...
	Loading gpdk045/loadCxt.ile ... done!
	Loading context 'gpdk045' from library 'gpdk045' ... done!
	Loading context 'pdkUtils' from library 'gpdk045' ... done!
	Loading gpdk045/gpdk045_customFilter.il ... done!
	Loading gpdk045/libInitCustomExit.il ... 
	Loading Environment Settings ...
	Loading gpdk045/gpdk045_PDKRegistrations.il ... done!

  *************************************************************           
  *              Cadence Design Systems, Inc.                 *           
  *                                                           *           
  *                    Generic 45nm PDK                       *           
  *                        (gpdk045)                          *           
  *                                                           *           
  *************************************************************           
	

	VERSION: 6.0 (09-September-2019)

done!
Loaded gpdk045/libInit.il successfully!
INFO (XSTRM-217): Reading the layer map file, /opt/cadence-designkits/gpdk045_v_6_0/gpdk045/gpdk045.layermap
WARNING (XSTRM-333): The '-enableColoring' option will be ignored during XStream Out. This is because there is no color entry in the layer map and the object map file.
INFO (XSTRM-427): Based on current hardware configuration, running XStream Out translation in multi-threaded mode with 4 threads.
INFO (XSTRM-280): The output file will be a compressed file because the file name has extension .gz
INFO (XSTRM-162): You have not used the '-viaMap' option. If the OpenAccess design has native oaVia instances, use the '-viaMap' option for preserving oaVia instances in a XStream Out - XStream In round trip. Using the '-viaMap' option improves performance and VM usage of applications using the Streamed-In design.

Summary of Options :
library                                 processor
strmFile                                /home/zrs29/processor/cadence/lvs/RFslice.gds.gz
topCell                                 RFslice
view                                    layout
runDir                                  /home/zrs29/processor/cadence/lvs
logFile                                 /home/zrs29/processor/cadence/lvs/PIPO1.LOG
techLib                                 gpdk045
hierDepth                               32
maxVertices                             2048
layerMap                                /opt/cadence-designkits/gpdk045_v_6_0/gpdk045/gpdk045.layermap
userSkillFile                           /home/zrs29/processor/cadence/lvs/strmout.il
labelDepth                              32
case                                    Preserve
convertDot                              node

INFO (XSTRM-180): You have not used the '-objectMap' option. The design has instance(s) of at least one of following OpenAccess objects: oaBlockage, oaBoundary, oaRow, and oaMarker. Any information about these objects will not be translated into the generated stream file. Use the '-objectMap' option to translate/preserve these objects using XStream.
INFO (XSTRM-223): 1. Translating stdVia gpdk045/M2_M1/layout as STRUCTURE M2_M1_CDNS_777085901160.
INFO (XSTRM-223): 2. Translating stdVia gpdk045/M2_M1/layout as STRUCTURE M2_M1_CDNS_777085901161.
INFO (XSTRM-223): 3. Translating stdVia gpdk045/M3_M2/layout as STRUCTURE M3_M2_CDNS_777085901162.
INFO (XSTRM-223): 4. Translating stdVia gpdk045/M3_M2/layout as STRUCTURE M3_M2_CDNS_777085901163.
INFO (XSTRM-223): 5. Translating stdVia gpdk045/M2_M1/layout as STRUCTURE M2_M1_CDNS_777085901164.
INFO (XSTRM-223): 6. Translating stdVia gpdk045/M3_M2/layout as STRUCTURE M3_M2_CDNS_777085901165.
INFO (XSTRM-223): 7. Translating stdVia gpdk045/M1_PO/layout as STRUCTURE M1_PO_CDNS_777085901166.
INFO (XSTRM-223): 8. Translating stdVia gpdk045/M1_NWELL/layout as STRUCTURE M1_NWELL_CDNS_777085901167.
INFO (XSTRM-223): 9. Translating stdVia gpdk045/M1_PSUB/layout as STRUCTURE M1_PSUB_CDNS_777085901168.
INFO (XSTRM-223): 10. Translating cellview gpdk045/nmos1v/layout as STRUCTURE nmos1v_CDNS_777085901160.
INFO (XSTRM-223): 11. Translating cellview gpdk045/pmos1v/layout as STRUCTURE pmos1v_CDNS_777085901161.
INFO (XSTRM-223): 12. Translating cellview standard_cells/inv_x1/layout as STRUCTURE inv_x1.
INFO (XSTRM-223): 13. Translating stdVia gpdk045/M1_PO/layout as STRUCTURE M1_PO_CDNS_777085901169.
INFO (XSTRM-223): 14. Translating cellview gpdk045/nmos1v/layout as STRUCTURE nmos1v_CDNS_777085901162.
INFO (XSTRM-223): 15. Translating cellview gpdk045/nmos1v/layout as STRUCTURE nmos1v_CDNS_777085901163.
INFO (XSTRM-223): 16. Translating cellview standard_cells/RFzero/layout as STRUCTURE RFzero.
INFO (XSTRM-223): 17. Translating cellview gpdk045/pmos1v/layout as STRUCTURE pmos1v_CDNS_777085901164.
INFO (XSTRM-223): 18. Translating cellview gpdk045/nmos1v/layout as STRUCTURE nmos1v_CDNS_777085901165.
INFO (XSTRM-223): 19. Translating cellview standard_cells/inv_x4/layout as STRUCTURE inv_x4.
INFO (XSTRM-223): 20. Translating stdVia gpdk045/M1_PO/layout as STRUCTURE M1_PO_CDNS_7770859011610.
INFO (XSTRM-223): 21. Translating stdVia gpdk045/M1_PO/layout as STRUCTURE M1_PO_CDNS_7770859011611.
INFO (XSTRM-223): 22. Translating stdVia gpdk045/M1_PO/layout as STRUCTURE M1_PO_CDNS_7770859011612.
INFO (XSTRM-223): 23. Translating stdVia gpdk045/M1_PO/layout as STRUCTURE M1_PO_CDNS_7770859011613.
INFO (XSTRM-223): 24. Translating cellview gpdk045/pmos1v/layout as STRUCTURE pmos1v_CDNS_777085901166.
INFO (XSTRM-223): 25. Translating cellview gpdk045/pmos1v/layout as STRUCTURE pmos1v_CDNS_777085901167.
INFO (XSTRM-223): 26. Translating cellview gpdk045/pmos1v/layout as STRUCTURE pmos1v_CDNS_777085901168.
INFO (XSTRM-223): 27. Translating cellview gpdk045/nmos1v/layout as STRUCTURE nmos1v_CDNS_777085901169.
INFO (XSTRM-223): 28. Translating cellview gpdk045/pmos1v/layout as STRUCTURE pmos1v_CDNS_7770859011610.
INFO (XSTRM-223): 29. Translating cellview gpdk045/pmos1v/layout as STRUCTURE pmos1v_CDNS_7770859011611.
INFO (XSTRM-223): 30. Translating cellview gpdk045/pmos1v/layout as STRUCTURE pmos1v_CDNS_7770859011612.
INFO (XSTRM-223): 31. Translating cellview gpdk045/pmos1v/layout as STRUCTURE pmos1v_CDNS_7770859011613.
INFO (XSTRM-223): 32. Translating cellview gpdk045/pmos1v/layout as STRUCTURE pmos1v_CDNS_7770859011614.
INFO (XSTRM-223): 33. Translating cellview gpdk045/nmos1v/layout as STRUCTURE nmos1v_CDNS_7770859011615.
INFO (XSTRM-223): 34. Translating cellview gpdk045/pmos1v/layout as STRUCTURE pmos1v_CDNS_7770859011616.
INFO (XSTRM-223): 35. Translating cellview gpdk045/nmos1v/layout as STRUCTURE nmos1v_CDNS_7770859011617.
INFO (XSTRM-223): 36. Translating cellview gpdk045/nmos1v/layout as STRUCTURE nmos1v_CDNS_7770859011618.
INFO (XSTRM-223): 37. Translating cellview gpdk045/nmos1v/layout as STRUCTURE nmos1v_CDNS_7770859011619.
INFO (XSTRM-223): 38. Translating cellview gpdk045/nmos1v/layout as STRUCTURE nmos1v_CDNS_7770859011620.
INFO (XSTRM-223): 39. Translating cellview gpdk045/nmos1v/layout as STRUCTURE nmos1v_CDNS_7770859011621.
INFO (XSTRM-223): 40. Translating cellview gpdk045/pmos1v/layout as STRUCTURE pmos1v_CDNS_7770859011622.
INFO (XSTRM-223): 41. Translating cellview gpdk045/pmos1v/layout as STRUCTURE pmos1v_CDNS_7770859011623.
INFO (XSTRM-223): 42. Translating cellview gpdk045/nmos1v/layout as STRUCTURE nmos1v_CDNS_7770859011624.
INFO (XSTRM-223): 43. Translating cellview gpdk045/pmos1v/layout as STRUCTURE pmos1v_CDNS_7770859011625.
INFO (XSTRM-223): 44. Translating cellview gpdk045/nmos1v/layout as STRUCTURE nmos1v_CDNS_7770859011626.
INFO (XSTRM-223): 45. Translating cellview standard_cells/RFReg/layout as STRUCTURE RFReg.
INFO (XSTRM-223): 46. Translating cellview processor/RFslice/layout as STRUCTURE RFslice.

Summary of Objects Translated:
	Scalar Instances:                       44
	Array Instances:                        0
	Polygons:                               0
	Paths:                                  0
	Rectangles:                             631
	Lines:                                  0
	Arcs:                                   0
	Donuts:                                 0
	Dots:                                   0
	Ellipses:                               0
	Boundaries:                             0
	Area Blockages:                         0
	Layer Blockages:                        0
	Area Halos:                             0
	Markers:                                0
	Rows:                                   0
	Stitch:                                 0
	Standard Vias                           86
	Custom Vias:                            0
	CdsGen Vias:                            0
	Pathsegs:                               8
	Text:                                   62
	TextDisplay:                            11
	Cells:                                  46

Elapsed Time: 0.1s   User Time: 0.1s   CPU Time: 0.0s   Peak VM: 36580KB
INFO (XSTRM-234): Translation completed. '0' error(s) and '1' warning(s) found.
