Virtuoso Framework License (111) was checked out successfully. Total checkout time was 0.02s.

Running simulation in directory: "/home/jyh42/processor/cadence/lvs/".

Loading gpdk045/libInit.il ...
	Loading gpdk045/loadCxt.ile ... done!
	Loading context 'gpdk045' from library 'gpdk045' ... done!
	Loading context 'pdkUtils' from library 'gpdk045' ... done!
	Loading gpdk045/gpdk045_customFilter.il ... done!
	Loading gpdk045/libInitCustomExit.il ... 
	Loading Environment Settings ...
	Loading gpdk045/gpdk045_PDKRegistrations.il ... done!

  *************************************************************           
  *              Cadence Design Systems, Inc.                 *           
  *                                                           *           
  *                    Generic 45nm PDK                       *           
  *                        (gpdk045)                          *           
  *                                                           *           
  *************************************************************           
	

	VERSION: 6.0 (09-September-2019)

done!
Loaded gpdk045/libInit.il successfully!
Loading hnlInit.cxt 
Running Artist Hierarchical Netlisting ...
End netlisting Apr 25 17:48:33 2026

Running simin

Running runSim()...


Running runsim with simulator: "auCdl"
Begin simulation:    Apr 25 17:48:33 2026

auCdl netlisting completed
End simulation:      Apr 25 17:48:33 2026
INFO (AUCDL-21): (Analog) CDL netlisting completed successfully.